[ERROR] Process Error
[ERROR] Log Generate Error
[ERROR] Log CSV Error
[ERROR] ROUND 0 MISS
[ROUND #1/10] 当前推演耗时141s, 累计耗时141s
[ERROR] Process Error
[ERROR] Log Generate Error
[ERROR] Log CSV Error
[ERROR] ROUND 0 MISS
[ROUND #1/10] 当前推演耗时177s, 累计耗时177s
[ERROR] Log Generate Error
[ERROR] Log CSV Error
[ERROR] ROUND 0 MISS
[ROUND #1/10] 当前推演耗时299s, 累计耗时299s
[ERROR] Process Error
[ERROR] Log Generate Error
[ERROR] Log CSV Error
[ERROR] ROUND 1 MISS
[ROUND #2/10] 当前推演耗时100s, 累计耗时400s
[ERROR] Process Error
[ERROR] Log Generate Error
[ERROR] Log CSV Error
[ERROR] ROUND 0 MISS
[ROUND #1/10] 当前推演耗时64s, 累计耗时64s
[ERROR] Process Error
[ERROR] Log Generate Error
[ERROR] Log CSV Error
[ERROR] ROUND 0 MISS
[ROUND #1/10] 当前推演耗时9s, 累计耗时9s
[ERROR] Log Generate Error
[ERROR] Log CSV Error
[ERROR] ROUND 0 MISS
[ROUND #1/10] 当前推演耗时131s, 累计耗时131s
[ERROR] Process Error
[ERROR] Log Generate Error
[ERROR] Log CSV Error
[ERROR] ROUND 1 MISS
[ROUND #2/10] 当前推演耗时157s, 累计耗时289s
[ERROR] Reset Error
[ERROR] Process Error
[ERROR] Log Generate Error
[ERROR] Log CSV Error
[ERROR] ROUND 2 MISS
[ROUND #3/10] 当前推演耗时66s, 累计耗时355s
[ERROR] Reset Error
[ERROR] Process Error
[ERROR] Log Generate Error
[ERROR] Log CSV Error
[ERROR] ROUND 3 MISS
[ROUND #4/10] 当前推演耗时66s, 累计耗时422s
[ERROR] Reset Error
[ERROR] Process Error
[ERROR] Log Generate Error
[ERROR] Log CSV Error
[ERROR] ROUND 4 MISS
[ROUND #5/10] 当前推演耗时66s, 累计耗时488s
[ERROR] Reset Error
[ERROR] Process Error
[ERROR] Log Generate Error
[ERROR] Log CSV Error
[ERROR] ROUND 5 MISS
[ROUND #6/10] 当前推演耗时66s, 累计耗时555s
[ERROR] Reset Error
[ERROR] Process Error
[ERROR] Log Generate Error
[ERROR] Log CSV Error
[ERROR] ROUND 6 MISS
[ROUND #7/10] 当前推演耗时66s, 累计耗时622s
[ERROR] Reset Error
[ERROR] Process Error
[ERROR] Log Generate Error
[ERROR] Log CSV Error
[ERROR] ROUND 7 MISS
[ROUND #8/10] 当前推演耗时66s, 累计耗时688s
[ERROR] Reset Error
[ERROR] Process Error
[ERROR] Log Generate Error
[ERROR] Log CSV Error
[ERROR] ROUND 8 MISS
[ROUND #9/10] 当前推演耗时66s, 累计耗时755s
[ERROR] Reset Error
[ERROR] Process Error
[ERROR] Log Generate Error
[ERROR] Log CSV Error
[ERROR] ROUND 9 MISS
[ROUND #10/10] 当前推演耗时66s, 累计耗时821s
[ERROR] Log Generate Error
[ERROR] Log CSV Error
[ERROR] ROUND 0 MISS
[ROUND #1/10] 当前推演耗时95s, 累计耗时95s
[ERROR] Process Error
[ERROR] Log Generate Error
[ERROR] Log CSV Error
[ERROR] ROUND 1 MISS
[ROUND #2/10] 当前推演耗时158s, 累计耗时254s
[ERROR] Reset Error
[ERROR] Process Error
[ERROR] Log Generate Error
[ERROR] Log CSV Error
[ERROR] ROUND 2 MISS
[ROUND #3/10] 当前推演耗时66s, 累计耗时320s
[ERROR] Reset Error
[ERROR] Process Error
[ERROR] Log Generate Error
[ERROR] Log CSV Error
[ERROR] ROUND 3 MISS
[ROUND #4/10] 当前推演耗时66s, 累计耗时387s
[ERROR] Reset Error
[ERROR] Process Error
[ERROR] Log Generate Error
[ERROR] Log CSV Error
[ERROR] ROUND 4 MISS
[ROUND #5/10] 当前推演耗时66s, 累计耗时454s
[ERROR] Reset Error
[ERROR] Process Error
[ERROR] Log Generate Error
[ERROR] Log CSV Error
[ERROR] ROUND 5 MISS
[ROUND #6/10] 当前推演耗时66s, 累计耗时520s
[ERROR] Reset Error
[ERROR] Process Error
[ERROR] Log Generate Error
[ERROR] Log CSV Error
[ERROR] ROUND 6 MISS
[ROUND #7/10] 当前推演耗时66s, 累计耗时587s
[ERROR] Reset Error
[ERROR] Process Error
[ERROR] Log Generate Error
[ERROR] Log CSV Error
[ERROR] ROUND 7 MISS
[ROUND #8/10] 当前推演耗时66s, 累计耗时653s
[ERROR] Reset Error
[ERROR] Process Error
[ERROR] Log Generate Error
[ERROR] Log CSV Error
[ERROR] ROUND 8 MISS
[ROUND #9/10] 当前推演耗时66s, 累计耗时720s
[ERROR] Reset Error
[ERROR] Process Error
[ERROR] Log Generate Error
[ERROR] Log CSV Error
[ERROR] ROUND 9 MISS
[ROUND #10/10] 当前推演耗时66s, 累计耗时786s
[ERROR] Log Generate Error
[ERROR] Log CSV Error
[ERROR] ROUND 0 MISS
[ROUND #1/10] 当前推演耗时135s, 累计耗时135s
[ERROR] Process Error
[ERROR] Log Generate Error
[ERROR] Log CSV Error
[ERROR] ROUND 1 MISS
[ROUND #2/10] 当前推演耗时156s, 累计耗时291s
[ERROR] Reset Error
[ERROR] Process Error
[ERROR] Log Generate Error
[ERROR] Log CSV Error
[ERROR] ROUND 2 MISS
[ROUND #3/10] 当前推演耗时66s, 累计耗时357s
[ERROR] Reset Error
[ERROR] Process Error
[ERROR] Log Generate Error
[ERROR] Log CSV Error
[ERROR] ROUND 3 MISS
[ROUND #4/10] 当前推演耗时66s, 累计耗时424s
[ERROR] Reset Error
[ERROR] Process Error
[ERROR] Log Generate Error
[ERROR] Log CSV Error
[ERROR] ROUND 4 MISS
[ROUND #5/10] 当前推演耗时10s, 累计耗时435s
[ERROR] Log Generate Error
[ERROR] Log CSV Error
[ERROR] ROUND 0 MISS
[ROUND #1/10] 当前推演耗时133s, 累计耗时133s
[ERROR] Process Error
[ERROR] Log Generate Error
[ERROR] Log CSV Error
[ERROR] ROUND 1 MISS
[ROUND #2/10] 当前推演耗时159s, 累计耗时293s
[ERROR] Reset Error
[ERROR] Process Error
[ERROR] Log Generate Error
[ERROR] Log CSV Error
[ERROR] ROUND 2 MISS
[ROUND #3/10] 当前推演耗时66s, 累计耗时360s
[ERROR] Reset Error
[ERROR] Process Error
[ERROR] Log Generate Error
[ERROR] Log CSV Error
[ERROR] ROUND 3 MISS
[ROUND #4/10] 当前推演耗时66s, 累计耗时426s
[ERROR] Reset Error
[ERROR] Process Error
[ERROR] Log Generate Error
[ERROR] Log CSV Error
[ERROR] ROUND 4 MISS
[ROUND #5/10] 当前推演耗时66s, 累计耗时493s
[ERROR] Reset Error
[ERROR] Process Error
[ERROR] Log Generate Error
[ERROR] Log CSV Error
[ERROR] ROUND 5 MISS
[ROUND #6/10] 当前推演耗时66s, 累计耗时559s
[ERROR] Reset Error
[ERROR] Process Error
[ERROR] Log Generate Error
[ERROR] Log CSV Error
[ERROR] ROUND 6 MISS
[ROUND #7/10] 当前推演耗时66s, 累计耗时626s
[ERROR] Reset Error
[ERROR] Process Error
[ERROR] Log Generate Error
[ERROR] Log CSV Error
[ERROR] ROUND 7 MISS
[ROUND #8/10] 当前推演耗时66s, 累计耗时693s
[ERROR] Reset Error
[ERROR] Process Error
[ERROR] Log Generate Error
[ERROR] Log CSV Error
[ERROR] ROUND 8 MISS
[ROUND #9/10] 当前推演耗时66s, 累计耗时759s
[ERROR] Reset Error
[ERROR] Process Error
[ERROR] Log Generate Error
[ERROR] Log CSV Error
[ERROR] ROUND 9 MISS
[ROUND #10/10] 当前推演耗时66s, 累计耗时826s
[ERROR] Log Generate Error
[ERROR] Log CSV Error
[ERROR] ROUND 0 MISS
[ROUND #1/10] 当前推演耗时283s, 累计耗时283s
[ERROR] Process Error
[ERROR] Log Generate Error
[ERROR] Log CSV Error
[ERROR] ROUND 1 MISS
[ROUND #2/10] 当前推演耗时48s, 累计耗时331s
[ERROR] Log Generate Error
[ERROR] Log CSV Error
[ERROR] ROUND 0 MISS
[ROUND #1/10] 当前推演耗时83s, 累计耗时83s
[ERROR] Log Generate Error
[ERROR] Log CSV Error
[ERROR] ROUND 1 MISS
[ROUND #2/10] 当前推演耗时85s, 累计耗时169s
[ERROR] Log Generate Error
[ERROR] Log CSV Error
[ERROR] ROUND 2 MISS
[ROUND #3/10] 当前推演耗时84s, 累计耗时253s
[ERROR] Log Generate Error
[ERROR] Log CSV Error
[ERROR] ROUND 3 MISS
[ROUND #4/10] 当前推演耗时107s, 累计耗时361s
[ERROR] Log Generate Error
[ERROR] Log CSV Error
[ERROR] ROUND 4 MISS
[ROUND #5/10] 当前推演耗时189s, 累计耗时551s
[ERROR] Log Generate Error
[ERROR] Log CSV Error
[ERROR] ROUND 5 MISS
[ROUND #6/10] 当前推演耗时183s, 累计耗时735s
[ERROR] Log Generate Error
[ERROR] Log CSV Error
[ERROR] ROUND 6 MISS
[ROUND #7/10] 当前推演耗时185s, 累计耗时920s
[ERROR] Log Generate Error
[ERROR] Log CSV Error
[ERROR] ROUND 7 MISS
[ROUND #8/10] 当前推演耗时196s, 累计耗时1117s
[ERROR] Log Generate Error
[ERROR] Log CSV Error
[ERROR] ROUND 8 MISS
[ROUND #9/10] 当前推演耗时194s, 累计耗时1312s
[ERROR] Log Generate Error
[ERROR] Log CSV Error
[ERROR] ROUND 9 MISS
[ROUND #10/10] 当前推演耗时212s, 累计耗时1525s
[ERROR] Log Generate Error
[ERROR] Log CSV Error
[ERROR] ROUND 0 MISS
[ROUND #1/50] 当前推演耗时100s, 累计耗时100s
[ERROR] Log Generate Error
[ERROR] Log CSV Error
[ERROR] ROUND 1 MISS
[ROUND #2/50] 当前推演耗时80s, 累计耗时180s
[ERROR] Log Generate Error
[ERROR] Log CSV Error
[ERROR] ROUND 2 MISS
[ROUND #3/50] 当前推演耗时79s, 累计耗时259s
[ERROR] Log Generate Error
[ERROR] Log CSV Error
[ERROR] ROUND 3 MISS
[ROUND #4/50] 当前推演耗时98s, 累计耗时357s
[ERROR] Log Generate Error
[ERROR] Log CSV Error
[ERROR] ROUND 4 MISS
[ROUND #5/50] 当前推演耗时80s, 累计耗时438s
[ERROR] Log Generate Error
[ERROR] Log CSV Error
[ERROR] ROUND 5 MISS
[ROUND #6/50] 当前推演耗时83s, 累计耗时521s
[ERROR] Log Generate Error
[ERROR] Log CSV Error
[ERROR] ROUND 6 MISS
[ROUND #7/50] 当前推演耗时81s, 累计耗时603s
[ERROR] Log Generate Error
[ERROR] Log CSV Error
[ERROR] ROUND 7 MISS
[ROUND #8/50] 当前推演耗时87s, 累计耗时691s
[ERROR] Log Generate Error
[ERROR] Log CSV Error
[ERROR] ROUND 8 MISS
[ROUND #9/50] 当前推演耗时89s, 累计耗时780s
[ERROR] Log Generate Error
[ERROR] Log CSV Error
[ERROR] ROUND 9 MISS
[ROUND #10/50] 当前推演耗时81s, 累计耗时862s
[ERROR] Log Generate Error
[ERROR] Log CSV Error
[ERROR] ROUND 10 MISS
[ROUND #11/50] 当前推演耗时79s, 累计耗时942s
[ERROR] Log Generate Error
[ERROR] Log CSV Error
[ERROR] ROUND 11 MISS
[ROUND #12/50] 当前推演耗时78s, 累计耗时1020s
[ERROR] Log Generate Error
[ERROR] Log CSV Error
[ERROR] ROUND 12 MISS
[ROUND #13/50] 当前推演耗时83s, 累计耗时1103s
[ERROR] Log Generate Error
[ERROR] Log CSV Error
[ERROR] ROUND 13 MISS
[ROUND #14/50] 当前推演耗时81s, 累计耗时1185s
[ERROR] Process Error
[ERROR] Log Generate Error
[ERROR] Log CSV Error
[ERROR] ROUND 14 MISS
[ROUND #15/50] 当前推演耗时35s, 累计耗时1220s
[ERROR] Process Error
[ERROR] Log Generate Error
[ERROR] Log CSV Error
[ERROR] ROUND 0 MISS
[ROUND #1/50] 当前推演耗时13s, 累计耗时13s
[ERROR] Log Generate Error
[ERROR] Log CSV Error
[ERROR] ROUND 0 MISS
[ROUND #1/50] 当前推演耗时75s, 累计耗时75s
[ERROR] Log Generate Error
[ERROR] Log CSV Error
[ERROR] ROUND 1 MISS
[ROUND #2/50] 当前推演耗时79s, 累计耗时155s
[ERROR] Log Generate Error
[ERROR] Log CSV Error
[ERROR] ROUND 2 MISS
[ROUND #3/50] 当前推演耗时74s, 累计耗时230s
[ERROR] Log Generate Error
[ERROR] Log CSV Error
[ERROR] ROUND 3 MISS
[ROUND #4/50] 当前推演耗时76s, 累计耗时306s
[ERROR] Reset Error
[ERROR] Log Generate Error
[ERROR] Log CSV Error
[ERROR] ROUND 0 MISS
[ROUND #1/50] 当前推演耗时91s, 累计耗时91s
[ERROR] Process Error
[ERROR] Log Generate Error
[ERROR] Log CSV Error
[ERROR] ROUND 1 MISS
[ROUND #2/50] 当前推演耗时85s, 累计耗时177s
[ERROR] Process Error
[ERROR] Log Generate Error
[ERROR] Log CSV Error
[ERROR] ROUND 0 MISS
[ROUND #1/50] 当前推演耗时12s, 累计耗时12s
[ERROR] Log Generate Error
[ERROR] Log CSV Error
[ERROR] ROUND 0 MISS
[ROUND #1/50] 当前推演耗时80s, 累计耗时80s
[ERROR] Process Error
[ERROR] Log Generate Error
[ERROR] Log CSV Error
[ERROR] ROUND 1 MISS
[ROUND #2/50] 当前推演耗时93s, 累计耗时173s
[ERROR] Process Error
[ERROR] Log Generate Error
[ERROR] Log CSV Error
[ERROR] ROUND 0 MISS
[ROUND #1/50] 当前推演耗时9s, 累计耗时9s
[ERROR] Log Generate Error
[ERROR] Log CSV Error
[ERROR] ROUND 0 MISS
[ROUND #1/50] 当前推演耗时118s, 累计耗时118s
[ERROR] Log Generate Error
[ERROR] Log CSV Error
[ERROR] ROUND 1 MISS
[ROUND #2/50] 当前推演耗时93s, 累计耗时211s
[ERROR] Process Error
[ERROR] Log Generate Error
[ERROR] Log CSV Error
[ERROR] ROUND 2 MISS
[ROUND #3/50] 当前推演耗时9s, 累计耗时221s
[ERROR] Process Error
[ERROR] Log Generate Error
[ERROR] Log CSV Error
[ERROR] ROUND 0 MISS
[ROUND #1/50] 当前推演耗时8s, 累计耗时8s
[ERROR] Process Error
[ERROR] Log Generate Error
[ERROR] Log CSV Error
[ERROR] ROUND 0 MISS
[ROUND #1/50] 当前推演耗时8s, 累计耗时8s
[ERROR] Process Error
[ERROR] Log Generate Error
[ERROR] Log CSV Error
[ERROR] ROUND 0 MISS
[ROUND #1/50] 当前推演耗时17s, 累计耗时17s
[ERROR] Process Error
[ERROR] Log Generate Error
[ERROR] Log CSV Error
[ERROR] ROUND 0 MISS
[ROUND #1/50] 当前推演耗时15s, 累计耗时15s
[ERROR] Process Error
[ERROR] Log Generate Error
[ERROR] Log CSV Error
[ERROR] ROUND 0 MISS
[ROUND #1/50] 当前推演耗时36s, 累计耗时36s
[ERROR] Log Generate Error
[ERROR] Log CSV Error
[ERROR] ROUND 0 MISS
[ROUND #1/1] 当前推演耗时115s, 累计耗时115s
[ERROR] Log Generate Error
[ERROR] Log CSV Error
[ERROR] ROUND 0 MISS
[ROUND #1/50] 当前推演耗时80s, 累计耗时80s
[ERROR] Process Error
[ERROR] Log Generate Error
[ERROR] Log CSV Error
[ERROR] ROUND 1 MISS
[ROUND #2/50] 当前推演耗时14s, 累计耗时95s
[ERROR] Log Generate Error
[ERROR] Log CSV Error
[ERROR] ROUND 0 MISS
[ROUND #1/50] 当前推演耗时81s, 累计耗时81s
[ERROR] Log Generate Error
[ERROR] Log CSV Error
[ERROR] ROUND 1 MISS
[ROUND #2/50] 当前推演耗时85s, 累计耗时167s
[ERROR] Log Generate Error
[ERROR] Log CSV Error
[ERROR] ROUND 2 MISS
[ROUND #3/50] 当前推演耗时80s, 累计耗时247s
[ERROR] Log Generate Error
[ERROR] Log CSV Error
[ERROR] ROUND 3 MISS
[ROUND #4/50] 当前推演耗时78s, 累计耗时326s
[ERROR] Process Error
[ERROR] Log Generate Error
[ERROR] Log CSV Error
[ERROR] ROUND 4 MISS
[ROUND #5/50] 当前推演耗时54s, 累计耗时380s
[ERROR] Reset Error
[ERROR] Process Error
[ERROR] Log Generate Error
[ERROR] Log CSV Error
[ERROR] ROUND 5 MISS
[ROUND #6/50] 当前推演耗时161s, 累计耗时542s
[ERROR] Process Error
[ERROR] Log Generate Error
[ERROR] Log CSV Error
[ERROR] ROUND 0 MISS
[ROUND #1/50] 当前推演耗时21s, 累计耗时21s
